


Started GET "/" for 127.0.0.1 at 2014-10-30 12:42:21 -0500
  [1m[36mActiveRecord::SchemaMigration Load (0.6ms)[0m  [1mSELECT "schema_migrations".* FROM "schema_migrations"[0m
Processing by Rails::WelcomeController#index as HTML
  Rendered /Users/alexd/.rbenv/versions/2.0.0-p481/lib/ruby/gems/2.0.0/gems/railties-4.1.6/lib/rails/templates/rails/welcome/index.html.erb (2.1ms)
Completed 200 OK in 10ms (Views: 10.0ms | ActiveRecord: 0.0ms)


Started GET "/posters" for 127.0.0.1 at 2014-10-30 12:43:53 -0500

ActionController::RoutingError (uninitialized constant PostersController):
  activesupport (4.1.6) lib/active_support/inflector/methods.rb:238:in `const_get'
  activesupport (4.1.6) lib/active_support/inflector/methods.rb:238:in `block in constantize'
  activesupport (4.1.6) lib/active_support/inflector/methods.rb:236:in `each'
  activesupport (4.1.6) lib/active_support/inflector/methods.rb:236:in `inject'
  activesupport (4.1.6) lib/active_support/inflector/methods.rb:236:in `constantize'
  actionpack (4.1.6) lib/action_dispatch/routing/route_set.rb:78:in `controller_reference'
  actionpack (4.1.6) lib/action_dispatch/routing/route_set.rb:68:in `controller'
  actionpack (4.1.6) lib/action_dispatch/routing/route_set.rb:46:in `call'
  actionpack (4.1.6) lib/action_dispatch/journey/router.rb:73:in `block in call'
  actionpack (4.1.6) lib/action_dispatch/journey/router.rb:59:in `each'
  actionpack (4.1.6) lib/action_dispatch/journey/router.rb:59:in `call'
  actionpack (4.1.6) lib/action_dispatch/routing/route_set.rb:678:in `call'
  rack (1.5.2) lib/rack/etag.rb:23:in `call'
  rack (1.5.2) lib/rack/conditionalget.rb:25:in `call'
  rack (1.5.2) lib/rack/head.rb:11:in `call'
  actionpack (4.1.6) lib/action_dispatch/middleware/params_parser.rb:27:in `call'
  actionpack (4.1.6) lib/action_dispatch/middleware/flash.rb:254:in `call'
  rack (1.5.2) lib/rack/session/abstract/id.rb:225:in `context'
  rack (1.5.2) lib/rack/session/abstract/id.rb:220:in `call'
  actionpack (4.1.6) lib/action_dispatch/middleware/cookies.rb:560:in `call'
  activerecord (4.1.6) lib/active_record/query_cache.rb:36:in `call'
  activerecord (4.1.6) lib/active_record/connection_adapters/abstract/connection_pool.rb:621:in `call'
  activerecord (4.1.6) lib/active_record/migration.rb:380:in `call'
  actionpack (4.1.6) lib/action_dispatch/middleware/callbacks.rb:29:in `block in call'
  activesupport (4.1.6) lib/active_support/callbacks.rb:82:in `run_callbacks'
  actionpack (4.1.6) lib/action_dispatch/middleware/callbacks.rb:27:in `call'
  actionpack (4.1.6) lib/action_dispatch/middleware/reloader.rb:73:in `call'
  actionpack (4.1.6) lib/action_dispatch/middleware/remote_ip.rb:76:in `call'
  actionpack (4.1.6) lib/action_dispatch/middleware/debug_exceptions.rb:17:in `call'
  actionpack (4.1.6) lib/action_dispatch/middleware/show_exceptions.rb:30:in `call'
  railties (4.1.6) lib/rails/rack/logger.rb:38:in `call_app'
  railties (4.1.6) lib/rails/rack/logger.rb:20:in `block in call'
  activesupport (4.1.6) lib/active_support/tagged_logging.rb:68:in `block in tagged'
  activesupport (4.1.6) lib/active_support/tagged_logging.rb:26:in `tagged'
  activesupport (4.1.6) lib/active_support/tagged_logging.rb:68:in `tagged'
  railties (4.1.6) lib/rails/rack/logger.rb:20:in `call'
  actionpack (4.1.6) lib/action_dispatch/middleware/request_id.rb:21:in `call'
  rack (1.5.2) lib/rack/methodoverride.rb:21:in `call'
  rack (1.5.2) lib/rack/runtime.rb:17:in `call'
  activesupport (4.1.6) lib/active_support/cache/strategy/local_cache_middleware.rb:26:in `call'
  rack (1.5.2) lib/rack/lock.rb:17:in `call'
  actionpack (4.1.6) lib/action_dispatch/middleware/static.rb:64:in `call'
  rack (1.5.2) lib/rack/sendfile.rb:112:in `call'
  railties (4.1.6) lib/rails/engine.rb:514:in `call'
  railties (4.1.6) lib/rails/application.rb:144:in `call'
  rack (1.5.2) lib/rack/lock.rb:17:in `call'
  rack (1.5.2) lib/rack/content_length.rb:14:in `call'
  rack (1.5.2) lib/rack/handler/webrick.rb:60:in `service'
  /Users/alexd/.rbenv/versions/2.0.0-p481/lib/ruby/2.0.0/webrick/httpserver.rb:138:in `service'
  /Users/alexd/.rbenv/versions/2.0.0-p481/lib/ruby/2.0.0/webrick/httpserver.rb:94:in `run'
  /Users/alexd/.rbenv/versions/2.0.0-p481/lib/ruby/2.0.0/webrick/server.rb:295:in `block in start_thread'


  Rendered /Users/alexd/.rbenv/versions/2.0.0-p481/lib/ruby/gems/2.0.0/gems/actionpack-4.1.6/lib/action_dispatch/middleware/templates/rescues/_trace.html.erb (1.3ms)
  Rendered /Users/alexd/.rbenv/versions/2.0.0-p481/lib/ruby/gems/2.0.0/gems/actionpack-4.1.6/lib/action_dispatch/middleware/templates/routes/_route.html.erb (2.0ms)
  Rendered /Users/alexd/.rbenv/versions/2.0.0-p481/lib/ruby/gems/2.0.0/gems/actionpack-4.1.6/lib/action_dispatch/middleware/templates/routes/_table.html.erb (7.3ms)
  Rendered /Users/alexd/.rbenv/versions/2.0.0-p481/lib/ruby/gems/2.0.0/gems/actionpack-4.1.6/lib/action_dispatch/middleware/templates/rescues/routing_error.html.erb within rescues/layout (45.3ms)


Started GET "/" for 127.0.0.1 at 2014-10-30 12:48:21 -0500
Processing by Rails::WelcomeController#index as HTML
  Rendered /Users/alexd/.rbenv/versions/2.0.0-p481/lib/ruby/gems/2.0.0/gems/railties-4.1.6/lib/rails/templates/rails/welcome/index.html.erb (0.1ms)
Completed 200 OK in 1ms (Views: 1.3ms | ActiveRecord: 0.0ms)


Started GET "/" for 127.0.0.1 at 2014-10-30 12:48:23 -0500
Processing by Rails::WelcomeController#index as HTML
  Rendered /Users/alexd/.rbenv/versions/2.0.0-p481/lib/ruby/gems/2.0.0/gems/railties-4.1.6/lib/rails/templates/rails/welcome/index.html.erb (0.1ms)
Completed 200 OK in 1ms (Views: 1.1ms | ActiveRecord: 0.0ms)
  [1m[36mUser Load (0.9ms)[0m  [1mSELECT  "users".* FROM "users"   ORDER BY "users"."id" ASC LIMIT 1[0m
  [1m[35mPoster Load (0.7ms)[0m  SELECT  "posters".* FROM "posters"   ORDER BY "posters"."id" ASC LIMIT 1


Started GET "/" for 127.0.0.1 at 2014-10-30 13:31:49 -0500
  [1m[36mActiveRecord::SchemaMigration Load (0.4ms)[0m  [1mSELECT "schema_migrations".* FROM "schema_migrations"[0m

ActionController::RoutingError (undefined method `get' for ApplicationController:Class):
  app/controllers/application_controller.rb:9:in `<class:ApplicationController>'
  app/controllers/application_controller.rb:1:in `<top (required)>'
  app/controllers/posters_controller.rb:1:in `<top (required)>'


  Rendered /Users/apprentice/.rbenv/versions/2.0.0-p353/lib/ruby/gems/2.0.0/gems/actionpack-4.1.6/lib/action_dispatch/middleware/templates/rescues/_trace.html.erb (1.1ms)
  Rendered /Users/apprentice/.rbenv/versions/2.0.0-p353/lib/ruby/gems/2.0.0/gems/actionpack-4.1.6/lib/action_dispatch/middleware/templates/routes/_route.html.erb (1.9ms)
  Rendered /Users/apprentice/.rbenv/versions/2.0.0-p353/lib/ruby/gems/2.0.0/gems/actionpack-4.1.6/lib/action_dispatch/middleware/templates/routes/_table.html.erb (6.8ms)
  Rendered /Users/apprentice/.rbenv/versions/2.0.0-p353/lib/ruby/gems/2.0.0/gems/actionpack-4.1.6/lib/action_dispatch/middleware/templates/rescues/routing_error.html.erb within rescues/layout (43.1ms)


Started GET "/" for 127.0.0.1 at 2014-10-30 13:32:27 -0500
Processing by PostersController#index as HTML
  Rendered posters/index.html.erb within layouts/application (48.5ms)
Completed 500 Internal Server Error in 64ms

ActionView::Template::Error (Missing partial posters/_header, application/_header with {:locale=>[:en], :formats=>[:html], :variants=>[], :handlers=>[:erb, :builder, :raw, :ruby, :coffee, :jbuilder]}. Searched in:
  * "/Users/apprentice/Desktop/oct_29/Science-Fair/app/views"
):
    1: <%= render partial: "header" %>
    2: <body>
    3:   <div class="landing_picture"></div>
    4: <%= render partial: "multiple_poster", collection: @posters%>
  app/views/posters/index.html.erb:1:in `_app_views_posters_index_html_erb__4050962027614410044_70248548795200'


  Rendered /Users/apprentice/.rbenv/versions/2.0.0-p353/lib/ruby/gems/2.0.0/gems/actionpack-4.1.6/lib/action_dispatch/middleware/templates/rescues/_trace.html.erb (1.2ms)
  Rendered /Users/apprentice/.rbenv/versions/2.0.0-p353/lib/ruby/gems/2.0.0/gems/actionpack-4.1.6/lib/action_dispatch/middleware/templates/rescues/_request_and_response.html.erb (12.0ms)
  Rendered /Users/apprentice/.rbenv/versions/2.0.0-p353/lib/ruby/gems/2.0.0/gems/actionpack-4.1.6/lib/action_dispatch/middleware/templates/rescues/template_error.html.erb within rescues/layout (24.5ms)


Started GET "/" for 127.0.0.1 at 2014-10-30 13:36:19 -0500
Processing by PostersController#index as HTML
  [1m[35mPoster Load (0.6ms)[0m  SELECT "posters".* FROM "posters"
  Rendered posters/_multiple_poster.html.erb (57.2ms)
  Rendered posters/index.html.erb within layouts/application (70.0ms)
Completed 500 Internal Server Error in 81ms

ActionView::Template::Error (undefined local variable or method `poster' for #<#<Class:0x007fc807d1acc8>:0x007fc807d1a2c8>):
    2:   <div class="poster-pic">
    3:   </div>
    4:   <div class="poster-info">
    5:     <p><%= link_to "#{poster.title}", poster %></p>
    6:     <ul>
    7:       <% poster.users.each do |user| %>
    8:       <li><%= link_to "#{user.name}", user %></li>
  app/views/posters/_multiple_poster.html.erb:5:in `_app_views_posters__multiple_poster_html_erb__1066741452889902455_70248550914980'
  app/views/posters/index.html.erb:4:in `_app_views_posters_index_html_erb__4050962027614410044_70248550680360'


  Rendered /Users/apprentice/.rbenv/versions/2.0.0-p353/lib/ruby/gems/2.0.0/gems/actionpack-4.1.6/lib/action_dispatch/middleware/templates/rescues/_trace.html.erb (1.0ms)
  Rendered /Users/apprentice/.rbenv/versions/2.0.0-p353/lib/ruby/gems/2.0.0/gems/actionpack-4.1.6/lib/action_dispatch/middleware/templates/rescues/_request_and_response.html.erb (1.0ms)
  Rendered /Users/apprentice/.rbenv/versions/2.0.0-p353/lib/ruby/gems/2.0.0/gems/actionpack-4.1.6/lib/action_dispatch/middleware/templates/rescues/template_error.html.erb within rescues/layout (11.1ms)


Started GET "/" for 127.0.0.1 at 2014-10-30 13:38:46 -0500
Processing by PostersController#index as HTML
  [1m[36mPoster Load (0.3ms)[0m  [1mSELECT "posters".* FROM "posters"[0m
  [1m[35mUser Load (0.8ms)[0m  SELECT "users".* FROM "users" INNER JOIN "user_posters" ON "users"."id" = "user_posters"."user_id" WHERE "user_posters"."poster_id" = $1  [["poster_id", 1]]
  [1m[36mUser Load (0.4ms)[0m  [1mSELECT "users".* FROM "users" INNER JOIN "user_posters" ON "users"."id" = "user_posters"."user_id" WHERE "user_posters"."poster_id" = $1[0m  [["poster_id", 2]]
  [1m[35mUser Load (0.3ms)[0m  SELECT "users".* FROM "users" INNER JOIN "user_posters" ON "users"."id" = "user_posters"."user_id" WHERE "user_posters"."poster_id" = $1  [["poster_id", 3]]
  [1m[36mUser Load (0.3ms)[0m  [1mSELECT "users".* FROM "users" INNER JOIN "user_posters" ON "users"."id" = "user_posters"."user_id" WHERE "user_posters"."poster_id" = $1[0m  [["poster_id", 4]]
  [1m[35mUser Load (0.3ms)[0m  SELECT "users".* FROM "users" INNER JOIN "user_posters" ON "users"."id" = "user_posters"."user_id" WHERE "user_posters"."poster_id" = $1  [["poster_id", 5]]
  [1m[36mUser Load (0.3ms)[0m  [1mSELECT "users".* FROM "users" INNER JOIN "user_posters" ON "users"."id" = "user_posters"."user_id" WHERE "user_posters"."poster_id" = $1[0m  [["poster_id", 6]]
  [1m[35mUser Load (0.2ms)[0m  SELECT "users".* FROM "users" INNER JOIN "user_posters" ON "users"."id" = "user_posters"."user_id" WHERE "user_posters"."poster_id" = $1  [["poster_id", 7]]
  [1m[36mUser Load (0.2ms)[0m  [1mSELECT "users".* FROM "users" INNER JOIN "user_posters" ON "users"."id" = "user_posters"."user_id" WHERE "user_posters"."poster_id" = $1[0m  [["poster_id", 8]]
  [1m[35mUser Load (0.2ms)[0m  SELECT "users".* FROM "users" INNER JOIN "user_posters" ON "users"."id" = "user_posters"."user_id" WHERE "user_posters"."poster_id" = $1  [["poster_id", 9]]
  [1m[36mUser Load (0.2ms)[0m  [1mSELECT "users".* FROM "users" INNER JOIN "user_posters" ON "users"."id" = "user_posters"."user_id" WHERE "user_posters"."poster_id" = $1[0m  [["poster_id", 10]]
  Rendered posters/_poster.html.erb (111.6ms)
  Rendered posters/index.html.erb within layouts/application (114.2ms)
Completed 500 Internal Server Error in 193ms

ActionView::Template::Error (couldn't find file 'turbolinks'
  (in /Users/apprentice/Desktop/oct_29/Science-Fair/app/assets/javascripts/application.js:15)):
    3: <head>
    4:   <title>ScienceFair</title>
    5:   <%= stylesheet_link_tag    'application', media: 'all', 'data-turbolinks-track' => true %>
    6:   <%= javascript_include_tag 'application', 'data-turbolinks-track' => true %>
    7:   <%= csrf_meta_tags %>
    8: </head>
    9: <body>
  app/views/layouts/application.html.erb:6:in `_app_views_layouts_application_html_erb__2155573136993011567_70248550700500'


  Rendered /Users/apprentice/.rbenv/versions/2.0.0-p353/lib/ruby/gems/2.0.0/gems/actionpack-4.1.6/lib/action_dispatch/middleware/templates/rescues/_trace.html.erb (1.0ms)
  Rendered /Users/apprentice/.rbenv/versions/2.0.0-p353/lib/ruby/gems/2.0.0/gems/actionpack-4.1.6/lib/action_dispatch/middleware/templates/rescues/_request_and_response.html.erb (1.1ms)
  Rendered /Users/apprentice/.rbenv/versions/2.0.0-p353/lib/ruby/gems/2.0.0/gems/actionpack-4.1.6/lib/action_dispatch/middleware/templates/rescues/template_error.html.erb within rescues/layout (11.4ms)


Started GET "/" for 127.0.0.1 at 2014-10-30 13:39:17 -0500
Processing by PostersController#index as HTML
  [1m[35mPoster Load (0.3ms)[0m  SELECT "posters".* FROM "posters"
  [1m[36mUser Load (0.3ms)[0m  [1mSELECT "users".* FROM "users" INNER JOIN "user_posters" ON "users"."id" = "user_posters"."user_id" WHERE "user_posters"."poster_id" = $1[0m  [["poster_id", 1]]
  [1m[35mUser Load (0.2ms)[0m  SELECT "users".* FROM "users" INNER JOIN "user_posters" ON "users"."id" = "user_posters"."user_id" WHERE "user_posters"."poster_id" = $1  [["poster_id", 2]]
  [1m[36mUser Load (0.2ms)[0m  [1mSELECT "users".* FROM "users" INNER JOIN "user_posters" ON "users"."id" = "user_posters"."user_id" WHERE "user_posters"."poster_id" = $1[0m  [["poster_id", 3]]
  [1m[35mUser Load (0.3ms)[0m  SELECT "users".* FROM "users" INNER JOIN "user_posters" ON "users"."id" = "user_posters"."user_id" WHERE "user_posters"."poster_id" = $1  [["poster_id", 4]]
  [1m[36mUser Load (0.3ms)[0m  [1mSELECT "users".* FROM "users" INNER JOIN "user_posters" ON "users"."id" = "user_posters"."user_id" WHERE "user_posters"."poster_id" = $1[0m  [["poster_id", 5]]
  [1m[35mUser Load (0.2ms)[0m  SELECT "users".* FROM "users" INNER JOIN "user_posters" ON "users"."id" = "user_posters"."user_id" WHERE "user_posters"."poster_id" = $1  [["poster_id", 6]]
  [1m[36mUser Load (0.2ms)[0m  [1mSELECT "users".* FROM "users" INNER JOIN "user_posters" ON "users"."id" = "user_posters"."user_id" WHERE "user_posters"."poster_id" = $1[0m  [["poster_id", 7]]
  [1m[35mUser Load (0.2ms)[0m  SELECT "users".* FROM "users" INNER JOIN "user_posters" ON "users"."id" = "user_posters"."user_id" WHERE "user_posters"."poster_id" = $1  [["poster_id", 8]]
  [1m[36mUser Load (0.2ms)[0m  [1mSELECT "users".* FROM "users" INNER JOIN "user_posters" ON "users"."id" = "user_posters"."user_id" WHERE "user_posters"."poster_id" = $1[0m  [["poster_id", 9]]
  [1m[35mUser Load (0.4ms)[0m  SELECT "users".* FROM "users" INNER JOIN "user_posters" ON "users"."id" = "user_posters"."user_id" WHERE "user_posters"."poster_id" = $1  [["poster_id", 10]]
  Rendered posters/_poster.html.erb (18.6ms)
  Rendered posters/index.html.erb within layouts/application (20.4ms)
Completed 500 Internal Server Error in 37ms

ActionView::Template::Error (couldn't find file 'turbolinks'
  (in /Users/apprentice/Desktop/oct_29/Science-Fair/app/assets/javascripts/application.js:15)):
    3: <head>
    4:   <title>ScienceFair</title>
    5:   <%= stylesheet_link_tag    'application', media: 'all', 'data-turbolinks-track' => true %>
    6:   <%= javascript_include_tag 'application' %>
    7:   <%= csrf_meta_tags %>
    8: </head>
    9: <body>
  app/views/layouts/application.html.erb:6:in `_app_views_layouts_application_html_erb__2155573136993011567_70248549189220'


  Rendered /Users/apprentice/.rbenv/versions/2.0.0-p353/lib/ruby/gems/2.0.0/gems/actionpack-4.1.6/lib/action_dispatch/middleware/templates/rescues/_trace.html.erb (1.3ms)
  Rendered /Users/apprentice/.rbenv/versions/2.0.0-p353/lib/ruby/gems/2.0.0/gems/actionpack-4.1.6/lib/action_dispatch/middleware/templates/rescues/_request_and_response.html.erb (1.1ms)
  Rendered /Users/apprentice/.rbenv/versions/2.0.0-p353/lib/ruby/gems/2.0.0/gems/actionpack-4.1.6/lib/action_dispatch/middleware/templates/rescues/template_error.html.erb within rescues/layout (11.6ms)


Started GET "/" for 127.0.0.1 at 2014-10-30 13:39:32 -0500
Processing by PostersController#index as HTML
  [1m[36mPoster Load (0.4ms)[0m  [1mSELECT "posters".* FROM "posters"[0m
  [1m[35mUser Load (0.3ms)[0m  SELECT "users".* FROM "users" INNER JOIN "user_posters" ON "users"."id" = "user_posters"."user_id" WHERE "user_posters"."poster_id" = $1  [["poster_id", 1]]
  [1m[36mUser Load (0.2ms)[0m  [1mSELECT "users".* FROM "users" INNER JOIN "user_posters" ON "users"."id" = "user_posters"."user_id" WHERE "user_posters"."poster_id" = $1[0m  [["poster_id", 2]]
  [1m[35mUser Load (0.7ms)[0m  SELECT "users".* FROM "users" INNER JOIN "user_posters" ON "users"."id" = "user_posters"."user_id" WHERE "user_posters"."poster_id" = $1  [["poster_id", 3]]
  [1m[36mUser Load (0.3ms)[0m  [1mSELECT "users".* FROM "users" INNER JOIN "user_posters" ON "users"."id" = "user_posters"."user_id" WHERE "user_posters"."poster_id" = $1[0m  [["poster_id", 4]]
  [1m[35mUser Load (0.2ms)[0m  SELECT "users".* FROM "users" INNER JOIN "user_posters" ON "users"."id" = "user_posters"."user_id" WHERE "user_posters"."poster_id" = $1  [["poster_id", 5]]
  [1m[36mUser Load (0.2ms)[0m  [1mSELECT "users".* FROM "users" INNER JOIN "user_posters" ON "users"."id" = "user_posters"."user_id" WHERE "user_posters"."poster_id" = $1[0m  [["poster_id", 6]]
  [1m[35mUser Load (0.2ms)[0m  SELECT "users".* FROM "users" INNER JOIN "user_posters" ON "users"."id" = "user_posters"."user_id" WHERE "user_posters"."poster_id" = $1  [["poster_id", 7]]
  [1m[36mUser Load (0.2ms)[0m  [1mSELECT "users".* FROM "users" INNER JOIN "user_posters" ON "users"."id" = "user_posters"."user_id" WHERE "user_posters"."poster_id" = $1[0m  [["poster_id", 8]]
  [1m[35mUser Load (0.4ms)[0m  SELECT "users".* FROM "users" INNER JOIN "user_posters" ON "users"."id" = "user_posters"."user_id" WHERE "user_posters"."poster_id" = $1  [["poster_id", 9]]
  [1m[36mUser Load (0.3ms)[0m  [1mSELECT "users".* FROM "users" INNER JOIN "user_posters" ON "users"."id" = "user_posters"."user_id" WHERE "user_posters"."poster_id" = $1[0m  [["poster_id", 10]]
  Rendered posters/_poster.html.erb (19.7ms)
  Rendered posters/index.html.erb within layouts/application (21.6ms)
Completed 500 Internal Server Error in 40ms

ActionView::Template::Error (couldn't find file 'turbolinks'
  (in /Users/apprentice/Desktop/oct_29/Science-Fair/app/assets/javascripts/application.js:15)):
    3: <head>
    4:   <title>ScienceFair</title>
    5:   <%= stylesheet_link_tag    'application', media: 'all' %>
    6:   <%= javascript_include_tag 'application' %>
    7:   <%= csrf_meta_tags %>
    8: </head>
    9: <body>
  app/views/layouts/application.html.erb:6:in `_app_views_layouts_application_html_erb__2155573136993011567_70248551716100'


  Rendered /Users/apprentice/.rbenv/versions/2.0.0-p353/lib/ruby/gems/2.0.0/gems/actionpack-4.1.6/lib/action_dispatch/middleware/templates/rescues/_trace.html.erb (1.1ms)
  Rendered /Users/apprentice/.rbenv/versions/2.0.0-p353/lib/ruby/gems/2.0.0/gems/actionpack-4.1.6/lib/action_dispatch/middleware/templates/rescues/_request_and_response.html.erb (1.0ms)
  Rendered /Users/apprentice/.rbenv/versions/2.0.0-p353/lib/ruby/gems/2.0.0/gems/actionpack-4.1.6/lib/action_dispatch/middleware/templates/rescues/template_error.html.erb within rescues/layout (11.2ms)


Started GET "/" for 127.0.0.1 at 2014-10-30 13:39:53 -0500
Processing by PostersController#index as HTML
  [1m[35mPoster Load (0.3ms)[0m  SELECT "posters".* FROM "posters"
  [1m[36mUser Load (0.2ms)[0m  [1mSELECT "users".* FROM "users" INNER JOIN "user_posters" ON "users"."id" = "user_posters"."user_id" WHERE "user_posters"."poster_id" = $1[0m  [["poster_id", 1]]
  [1m[35mUser Load (0.2ms)[0m  SELECT "users".* FROM "users" INNER JOIN "user_posters" ON "users"."id" = "user_posters"."user_id" WHERE "user_posters"."poster_id" = $1  [["poster_id", 2]]
  [1m[36mUser Load (0.6ms)[0m  [1mSELECT "users".* FROM "users" INNER JOIN "user_posters" ON "users"."id" = "user_posters"."user_id" WHERE "user_posters"."poster_id" = $1[0m  [["poster_id", 3]]
  [1m[35mUser Load (0.3ms)[0m  SELECT "users".* FROM "users" INNER JOIN "user_posters" ON "users"."id" = "user_posters"."user_id" WHERE "user_posters"."poster_id" = $1  [["poster_id", 4]]
  [1m[36mUser Load (0.2ms)[0m  [1mSELECT "users".* FROM "users" INNER JOIN "user_posters" ON "users"."id" = "user_posters"."user_id" WHERE "user_posters"."poster_id" = $1[0m  [["poster_id", 5]]
  [1m[35mUser Load (0.2ms)[0m  SELECT "users".* FROM "users" INNER JOIN "user_posters" ON "users"."id" = "user_posters"."user_id" WHERE "user_posters"."poster_id" = $1  [["poster_id", 6]]
  [1m[36mUser Load (0.2ms)[0m  [1mSELECT "users".* FROM "users" INNER JOIN "user_posters" ON "users"."id" = "user_posters"."user_id" WHERE "user_posters"."poster_id" = $1[0m  [["poster_id", 7]]
  [1m[35mUser Load (0.2ms)[0m  SELECT "users".* FROM "users" INNER JOIN "user_posters" ON "users"."id" = "user_posters"."user_id" WHERE "user_posters"."poster_id" = $1  [["poster_id", 8]]
  [1m[36mUser Load (0.2ms)[0m  [1mSELECT "users".* FROM "users" INNER JOIN "user_posters" ON "users"."id" = "user_posters"."user_id" WHERE "user_posters"."poster_id" = $1[0m  [["poster_id", 9]]
  [1m[35mUser Load (0.2ms)[0m  SELECT "users".* FROM "users" INNER JOIN "user_posters" ON "users"."id" = "user_posters"."user_id" WHERE "user_posters"."poster_id" = $1  [["poster_id", 10]]
  Rendered posters/_poster.html.erb (18.5ms)
  Rendered posters/index.html.erb within layouts/application (20.3ms)
Completed 500 Internal Server Error in 170ms

ActionView::Template::Error (Missing partial posters/_header, application/_header with {:locale=>[:en], :formats=>[:html], :variants=>[], :handlers=>[:erb, :builder, :raw, :ruby, :coffee, :jbuilder]}. Searched in:
  * "/Users/apprentice/Desktop/oct_29/Science-Fair/app/views"
):
     8: </head>
     9: <body>
    10: 
    11:   <%= render partial: "header" %>
    12:   <%= yield %>
    13: 
    14: </body>
  app/views/layouts/application.html.erb:11:in `_app_views_layouts_application_html_erb__2155573136993011567_70248551716100'


  Rendered /Users/apprentice/.rbenv/versions/2.0.0-p353/lib/ruby/gems/2.0.0/gems/actionpack-4.1.6/lib/action_dispatch/middleware/templates/rescues/_trace.html.erb (1.0ms)
  Rendered /Users/apprentice/.rbenv/versions/2.0.0-p353/lib/ruby/gems/2.0.0/gems/actionpack-4.1.6/lib/action_dispatch/middleware/templates/rescues/_request_and_response.html.erb (1.1ms)
  Rendered /Users/apprentice/.rbenv/versions/2.0.0-p353/lib/ruby/gems/2.0.0/gems/actionpack-4.1.6/lib/action_dispatch/middleware/templates/rescues/template_error.html.erb within rescues/layout (11.6ms)


Started GET "/" for 127.0.0.1 at 2014-10-30 13:40:43 -0500
Processing by PostersController#index as HTML
  [1m[36mPoster Load (0.4ms)[0m  [1mSELECT "posters".* FROM "posters"[0m
  [1m[35mUser Load (0.3ms)[0m  SELECT "users".* FROM "users" INNER JOIN "user_posters" ON "users"."id" = "user_posters"."user_id" WHERE "user_posters"."poster_id" = $1  [["poster_id", 1]]
  [1m[36mUser Load (0.3ms)[0m  [1mSELECT "users".* FROM "users" INNER JOIN "user_posters" ON "users"."id" = "user_posters"."user_id" WHERE "user_posters"."poster_id" = $1[0m  [["poster_id", 2]]
  [1m[35mUser Load (0.3ms)[0m  SELECT "users".* FROM "users" INNER JOIN "user_posters" ON "users"."id" = "user_posters"."user_id" WHERE "user_posters"."poster_id" = $1  [["poster_id", 3]]
  [1m[36mUser Load (0.2ms)[0m  [1mSELECT "users".* FROM "users" INNER JOIN "user_posters" ON "users"."id" = "user_posters"."user_id" WHERE "user_posters"."poster_id" = $1[0m  [["poster_id", 4]]
  [1m[35mUser Load (0.3ms)[0m  SELECT "users".* FROM "users" INNER JOIN "user_posters" ON "users"."id" = "user_posters"."user_id" WHERE "user_posters"."poster_id" = $1  [["poster_id", 5]]
  [1m[36mUser Load (0.2ms)[0m  [1mSELECT "users".* FROM "users" INNER JOIN "user_posters" ON "users"."id" = "user_posters"."user_id" WHERE "user_posters"."poster_id" = $1[0m  [["poster_id", 6]]
  [1m[35mUser Load (0.3ms)[0m  SELECT "users".* FROM "users" INNER JOIN "user_posters" ON "users"."id" = "user_posters"."user_id" WHERE "user_posters"."poster_id" = $1  [["poster_id", 7]]
  [1m[36mUser Load (0.2ms)[0m  [1mSELECT "users".* FROM "users" INNER JOIN "user_posters" ON "users"."id" = "user_posters"."user_id" WHERE "user_posters"."poster_id" = $1[0m  [["poster_id", 8]]
  [1m[35mUser Load (0.2ms)[0m  SELECT "users".* FROM "users" INNER JOIN "user_posters" ON "users"."id" = "user_posters"."user_id" WHERE "user_posters"."poster_id" = $1  [["poster_id", 9]]
  [1m[36mUser Load (0.3ms)[0m  [1mSELECT "users".* FROM "users" INNER JOIN "user_posters" ON "users"."id" = "user_posters"."user_id" WHERE "user_posters"."poster_id" = $1[0m  [["poster_id", 10]]
  Rendered posters/_poster.html.erb (68.5ms)
  Rendered posters/index.html.erb within layouts/application (71.6ms)
Completed 500 Internal Server Error in 94ms

ActionView::Template::Error (Missing partial posters/_header, application/_header with {:locale=>[:en], :formats=>[:html], :variants=>[], :handlers=>[:erb, :builder, :raw, :ruby, :coffee, :jbuilder]}. Searched in:
  * "/Users/apprentice/Desktop/oct_29/Science-Fair/app/views"
):
     8: </head>
     9: <body>
    10: 
    11:   <%= render partial: "header" %>
    12:   <%= yield %>
    13: 
    14: </body>
  app/views/layouts/application.html.erb:11:in `_app_views_layouts_application_html_erb__2155573136993011567_70248551716100'


  Rendered /Users/apprentice/.rbenv/versions/2.0.0-p353/lib/ruby/gems/2.0.0/gems/actionpack-4.1.6/lib/action_dispatch/middleware/templates/rescues/_trace.html.erb (1.1ms)
  Rendered /Users/apprentice/.rbenv/versions/2.0.0-p353/lib/ruby/gems/2.0.0/gems/actionpack-4.1.6/lib/action_dispatch/middleware/templates/rescues/_request_and_response.html.erb (0.9ms)
  Rendered /Users/apprentice/.rbenv/versions/2.0.0-p353/lib/ruby/gems/2.0.0/gems/actionpack-4.1.6/lib/action_dispatch/middleware/templates/rescues/template_error.html.erb within rescues/layout (13.0ms)


Started GET "/" for 127.0.0.1 at 2014-10-30 13:40:47 -0500
Processing by PostersController#index as HTML
  [1m[35mPoster Load (0.4ms)[0m  SELECT "posters".* FROM "posters"
  [1m[36mUser Load (0.3ms)[0m  [1mSELECT "users".* FROM "users" INNER JOIN "user_posters" ON "users"."id" = "user_posters"."user_id" WHERE "user_posters"."poster_id" = $1[0m  [["poster_id", 1]]
  [1m[35mUser Load (0.3ms)[0m  SELECT "users".* FROM "users" INNER JOIN "user_posters" ON "users"."id" = "user_posters"."user_id" WHERE "user_posters"."poster_id" = $1  [["poster_id", 2]]
  [1m[36mUser Load (0.2ms)[0m  [1mSELECT "users".* FROM "users" INNER JOIN "user_posters" ON "users"."id" = "user_posters"."user_id" WHERE "user_posters"."poster_id" = $1[0m  [["poster_id", 3]]
  [1m[35mUser Load (0.4ms)[0m  SELECT "users".* FROM "users" INNER JOIN "user_posters" ON "users"."id" = "user_posters"."user_id" WHERE "user_posters"."poster_id" = $1  [["poster_id", 4]]
  [1m[36mUser Load (0.3ms)[0m  [1mSELECT "users".* FROM "users" INNER JOIN "user_posters" ON "users"."id" = "user_posters"."user_id" WHERE "user_posters"."poster_id" = $1[0m  [["poster_id", 5]]
  [1m[35mUser Load (0.3ms)[0m  SELECT "users".* FROM "users" INNER JOIN "user_posters" ON "users"."id" = "user_posters"."user_id" WHERE "user_posters"."poster_id" = $1  [["poster_id", 6]]
  [1m[36mUser Load (0.2ms)[0m  [1mSELECT "users".* FROM "users" INNER JOIN "user_posters" ON "users"."id" = "user_posters"."user_id" WHERE "user_posters"."poster_id" = $1[0m  [["poster_id", 7]]
  [1m[35mUser Load (0.2ms)[0m  SELECT "users".* FROM "users" INNER JOIN "user_posters" ON "users"."id" = "user_posters"."user_id" WHERE "user_posters"."poster_id" = $1  [["poster_id", 8]]
  [1m[36mUser Load (0.2ms)[0m  [1mSELECT "users".* FROM "users" INNER JOIN "user_posters" ON "users"."id" = "user_posters"."user_id" WHERE "user_posters"."poster_id" = $1[0m  [["poster_id", 9]]
  [1m[35mUser Load (0.3ms)[0m  SELECT "users".* FROM "users" INNER JOIN "user_posters" ON "users"."id" = "user_posters"."user_id" WHERE "user_posters"."poster_id" = $1  [["poster_id", 10]]
  Rendered posters/_poster.html.erb (20.1ms)
  Rendered posters/index.html.erb within layouts/application (22.2ms)
Completed 500 Internal Server Error in 44ms

ActionView::Template::Error (Missing partial posters/_header, application/_header with {:locale=>[:en], :formats=>[:html], :variants=>[], :handlers=>[:erb, :builder, :raw, :ruby, :coffee, :jbuilder]}. Searched in:
  * "/Users/apprentice/Desktop/oct_29/Science-Fair/app/views"
):
     8: </head>
     9: <body>
    10: 
    11:   <%= render partial: "header" %>
    12:   <%= yield %>
    13: 
    14: </body>
  app/views/layouts/application.html.erb:11:in `_app_views_layouts_application_html_erb__2155573136993011567_70248551716100'


  Rendered /Users/apprentice/.rbenv/versions/2.0.0-p353/lib/ruby/gems/2.0.0/gems/actionpack-4.1.6/lib/action_dispatch/middleware/templates/rescues/_trace.html.erb (0.9ms)
  Rendered /Users/apprentice/.rbenv/versions/2.0.0-p353/lib/ruby/gems/2.0.0/gems/actionpack-4.1.6/lib/action_dispatch/middleware/templates/rescues/_request_and_response.html.erb (0.8ms)
  Rendered /Users/apprentice/.rbenv/versions/2.0.0-p353/lib/ruby/gems/2.0.0/gems/actionpack-4.1.6/lib/action_dispatch/middleware/templates/rescues/template_error.html.erb within rescues/layout (10.8ms)


Started GET "/" for 127.0.0.1 at 2014-10-30 13:41:09 -0500
Processing by PostersController#index as HTML
  [1m[36mPoster Load (0.3ms)[0m  [1mSELECT "posters".* FROM "posters"[0m
  [1m[35mUser Load (0.3ms)[0m  SELECT "users".* FROM "users" INNER JOIN "user_posters" ON "users"."id" = "user_posters"."user_id" WHERE "user_posters"."poster_id" = $1  [["poster_id", 1]]
  [1m[36mUser Load (0.2ms)[0m  [1mSELECT "users".* FROM "users" INNER JOIN "user_posters" ON "users"."id" = "user_posters"."user_id" WHERE "user_posters"."poster_id" = $1[0m  [["poster_id", 2]]
  [1m[35mUser Load (0.2ms)[0m  SELECT "users".* FROM "users" INNER JOIN "user_posters" ON "users"."id" = "user_posters"."user_id" WHERE "user_posters"."poster_id" = $1  [["poster_id", 3]]
  [1m[36mUser Load (0.3ms)[0m  [1mSELECT "users".* FROM "users" INNER JOIN "user_posters" ON "users"."id" = "user_posters"."user_id" WHERE "user_posters"."poster_id" = $1[0m  [["poster_id", 4]]
  [1m[35mUser Load (0.3ms)[0m  SELECT "users".* FROM "users" INNER JOIN "user_posters" ON "users"."id" = "user_posters"."user_id" WHERE "user_posters"."poster_id" = $1  [["poster_id", 5]]
  [1m[36mUser Load (0.2ms)[0m  [1mSELECT "users".* FROM "users" INNER JOIN "user_posters" ON "users"."id" = "user_posters"."user_id" WHERE "user_posters"."poster_id" = $1[0m  [["poster_id", 6]]
  [1m[35mUser Load (0.2ms)[0m  SELECT "users".* FROM "users" INNER JOIN "user_posters" ON "users"."id" = "user_posters"."user_id" WHERE "user_posters"."poster_id" = $1  [["poster_id", 7]]
  [1m[36mUser Load (0.3ms)[0m  [1mSELECT "users".* FROM "users" INNER JOIN "user_posters" ON "users"."id" = "user_posters"."user_id" WHERE "user_posters"."poster_id" = $1[0m  [["poster_id", 8]]
  [1m[35mUser Load (0.2ms)[0m  SELECT "users".* FROM "users" INNER JOIN "user_posters" ON "users"."id" = "user_posters"."user_id" WHERE "user_posters"."poster_id" = $1  [["poster_id", 9]]
  [1m[36mUser Load (0.2ms)[0m  [1mSELECT "users".* FROM "users" INNER JOIN "user_posters" ON "users"."id" = "user_posters"."user_id" WHERE "user_posters"."poster_id" = $1[0m  [["poster_id", 10]]
  Rendered posters/_poster.html.erb (18.9ms)
  Rendered posters/index.html.erb within layouts/application (20.8ms)
Completed 500 Internal Server Error in 43ms

ActionView::Template::Error (Missing partial posters/_header, application/_header with {:locale=>[:en], :formats=>[:html], :variants=>[], :handlers=>[:erb, :builder, :raw, :ruby, :coffee, :jbuilder]}. Searched in:
  * "/Users/apprentice/Desktop/oct_29/Science-Fair/app/views"
):
     8: </head>
     9: <body>
    10: 
    11:   <%= render "header" %>
    12:   <%= yield %>
    13: 
    14: </body>
  app/views/layouts/application.html.erb:11:in `_app_views_layouts_application_html_erb__2155573136993011567_70248552140720'


  Rendered /Users/apprentice/.rbenv/versions/2.0.0-p353/lib/ruby/gems/2.0.0/gems/actionpack-4.1.6/lib/action_dispatch/middleware/templates/rescues/_trace.html.erb (1.0ms)
  Rendered /Users/apprentice/.rbenv/versions/2.0.0-p353/lib/ruby/gems/2.0.0/gems/actionpack-4.1.6/lib/action_dispatch/middleware/templates/rescues/_request_and_response.html.erb (0.8ms)
  Rendered /Users/apprentice/.rbenv/versions/2.0.0-p353/lib/ruby/gems/2.0.0/gems/actionpack-4.1.6/lib/action_dispatch/middleware/templates/rescues/template_error.html.erb within rescues/layout (11.3ms)


Started GET "/" for 127.0.0.1 at 2014-10-30 13:42:29 -0500
Processing by PostersController#index as HTML
  [1m[35mPoster Load (0.5ms)[0m  SELECT "posters".* FROM "posters"
  [1m[36mUser Load (0.2ms)[0m  [1mSELECT "users".* FROM "users" INNER JOIN "user_posters" ON "users"."id" = "user_posters"."user_id" WHERE "user_posters"."poster_id" = $1[0m  [["poster_id", 1]]
  [1m[35mUser Load (0.2ms)[0m  SELECT "users".* FROM "users" INNER JOIN "user_posters" ON "users"."id" = "user_posters"."user_id" WHERE "user_posters"."poster_id" = $1  [["poster_id", 2]]
  [1m[36mUser Load (0.2ms)[0m  [1mSELECT "users".* FROM "users" INNER JOIN "user_posters" ON "users"."id" = "user_posters"."user_id" WHERE "user_posters"."poster_id" = $1[0m  [["poster_id", 3]]
  [1m[35mUser Load (0.3ms)[0m  SELECT "users".* FROM "users" INNER JOIN "user_posters" ON "users"."id" = "user_posters"."user_id" WHERE "user_posters"."poster_id" = $1  [["poster_id", 4]]
  [1m[36mUser Load (0.2ms)[0m  [1mSELECT "users".* FROM "users" INNER JOIN "user_posters" ON "users"."id" = "user_posters"."user_id" WHERE "user_posters"."poster_id" = $1[0m  [["poster_id", 5]]
  [1m[35mUser Load (0.2ms)[0m  SELECT "users".* FROM "users" INNER JOIN "user_posters" ON "users"."id" = "user_posters"."user_id" WHERE "user_posters"."poster_id" = $1  [["poster_id", 6]]
  [1m[36mUser Load (0.2ms)[0m  [1mSELECT "users".* FROM "users" INNER JOIN "user_posters" ON "users"."id" = "user_posters"."user_id" WHERE "user_posters"."poster_id" = $1[0m  [["poster_id", 7]]
  [1m[35mUser Load (0.3ms)[0m  SELECT "users".* FROM "users" INNER JOIN "user_posters" ON "users"."id" = "user_posters"."user_id" WHERE "user_posters"."poster_id" = $1  [["poster_id", 8]]
  [1m[36mUser Load (0.2ms)[0m  [1mSELECT "users".* FROM "users" INNER JOIN "user_posters" ON "users"."id" = "user_posters"."user_id" WHERE "user_posters"."poster_id" = $1[0m  [["poster_id", 9]]
  [1m[35mUser Load (0.2ms)[0m  SELECT "users".* FROM "users" INNER JOIN "user_posters" ON "users"."id" = "user_posters"."user_id" WHERE "user_posters"."poster_id" = $1  [["poster_id", 10]]
  Rendered posters/_poster.html.erb (18.3ms)
  Rendered posters/index.html.erb within layouts/application (21.3ms)
  Rendered layouts/_header.html.erb (0.6ms)
Completed 500 Internal Server Error in 101ms

SyntaxError (/Users/apprentice/Desktop/oct_29/Science-Fair/app/views/layouts/_header.html.erb:5: syntax error, unexpected ')'
...ffer.append=(link_to "Login", );@output_buffer.safe_append='...
...                               ^
/Users/apprentice/Desktop/oct_29/Science-Fair/app/views/layouts/_header.html.erb:7: syntax error, unexpected keyword_else, expecting ')'
'.freeze;       else 
                    ^
/Users/apprentice/Desktop/oct_29/Science-Fair/app/views/layouts/_header.html.erb:10: syntax error, unexpected keyword_end, expecting ')'
'.freeze;       end 
                   ^
/Users/apprentice/Desktop/oct_29/Science-Fair/app/views/layouts/_header.html.erb:15: syntax error, unexpected keyword_ensure, expecting ')'
/Users/apprentice/Desktop/oct_29/Science-Fair/app/views/layouts/_header.html.erb:17: syntax error, unexpected keyword_end, expecting ')'):
  app/views/layouts/_header.html.erb:5: syntax error, unexpected ')'
  app/views/layouts/_header.html.erb:7: syntax error, unexpected keyword_else, expecting ')'
  app/views/layouts/_header.html.erb:10: syntax error, unexpected keyword_end, expecting ')'
  app/views/layouts/_header.html.erb:15: syntax error, unexpected keyword_ensure, expecting ')'
  app/views/layouts/_header.html.erb:17: syntax error, unexpected keyword_end, expecting ')'
  app/views/layouts/application.html.erb:11:in `_app_views_layouts_application_html_erb__2155573136993011567_70248554596220'


  Rendered /Users/apprentice/.rbenv/versions/2.0.0-p353/lib/ruby/gems/2.0.0/gems/actionpack-4.1.6/lib/action_dispatch/middleware/templates/rescues/_source.erb (0.7ms)
  Rendered /Users/apprentice/.rbenv/versions/2.0.0-p353/lib/ruby/gems/2.0.0/gems/actionpack-4.1.6/lib/action_dispatch/middleware/templates/rescues/_trace.html.erb (1.1ms)
  Rendered /Users/apprentice/.rbenv/versions/2.0.0-p353/lib/ruby/gems/2.0.0/gems/actionpack-4.1.6/lib/action_dispatch/middleware/templates/rescues/_request_and_response.html.erb (0.8ms)
  Rendered /Users/apprentice/.rbenv/versions/2.0.0-p353/lib/ruby/gems/2.0.0/gems/actionpack-4.1.6/lib/action_dispatch/middleware/templates/rescues/diagnostics.erb within rescues/layout (18.2ms)


Started GET "/" for 127.0.0.1 at 2014-10-30 13:45:07 -0500
Processing by PostersController#index as HTML
  [1m[36mPoster Load (0.3ms)[0m  [1mSELECT "posters".* FROM "posters"[0m
  [1m[35mUser Load (0.2ms)[0m  SELECT "users".* FROM "users" INNER JOIN "user_posters" ON "users"."id" = "user_posters"."user_id" WHERE "user_posters"."poster_id" = $1  [["poster_id", 1]]
  [1m[36mUser Load (0.2ms)[0m  [1mSELECT "users".* FROM "users" INNER JOIN "user_posters" ON "users"."id" = "user_posters"."user_id" WHERE "user_posters"."poster_id" = $1[0m  [["poster_id", 2]]
  [1m[35mUser Load (0.3ms)[0m  SELECT "users".* FROM "users" INNER JOIN "user_posters" ON "users"."id" = "user_posters"."user_id" WHERE "user_posters"."poster_id" = $1  [["poster_id", 3]]
  [1m[36mUser Load (0.3ms)[0m  [1mSELECT "users".* FROM "users" INNER JOIN "user_posters" ON "users"."id" = "user_posters"."user_id" WHERE "user_posters"."poster_id" = $1[0m  [["poster_id", 4]]
  [1m[35mUser Load (0.3ms)[0m  SELECT "users".* FROM "users" INNER JOIN "user_posters" ON "users"."id" = "user_posters"."user_id" WHERE "user_posters"."poster_id" = $1  [["poster_id", 5]]
  [1m[36mUser Load (0.3ms)[0m  [1mSELECT "users".* FROM "users" INNER JOIN "user_posters" ON "users"."id" = "user_posters"."user_id" WHERE "user_posters"."poster_id" = $1[0m  [["poster_id", 6]]
  [1m[35mUser Load (0.2ms)[0m  SELECT "users".* FROM "users" INNER JOIN "user_posters" ON "users"."id" = "user_posters"."user_id" WHERE "user_posters"."poster_id" = $1  [["poster_id", 7]]
  [1m[36mUser Load (0.2ms)[0m  [1mSELECT "users".* FROM "users" INNER JOIN "user_posters" ON "users"."id" = "user_posters"."user_id" WHERE "user_posters"."poster_id" = $1[0m  [["poster_id", 8]]
  [1m[35mUser Load (0.2ms)[0m  SELECT "users".* FROM "users" INNER JOIN "user_posters" ON "users"."id" = "user_posters"."user_id" WHERE "user_posters"."poster_id" = $1  [["poster_id", 9]]
  [1m[36mUser Load (0.2ms)[0m  [1mSELECT "users".* FROM "users" INNER JOIN "user_posters" ON "users"."id" = "user_posters"."user_id" WHERE "user_posters"."poster_id" = $1[0m  [["poster_id", 10]]
  Rendered posters/_poster.html.erb (18.3ms)
  Rendered posters/index.html.erb within layouts/application (20.1ms)
  [1m[35mUser Load (0.5ms)[0m  SELECT  "users".* FROM "users"  WHERE "users"."id" IS NULL LIMIT 1
  Rendered layouts/_header.html.erb (46.1ms)
Completed 200 OK in 87ms (Views: 83.8ms | ActiveRecord: 3.2ms)


Started GET "/assets/simplegrid.css?body=1" for 127.0.0.1 at 2014-10-30 13:45:07 -0500


Started GET "/assets/application.css?body=1" for 127.0.0.1 at 2014-10-30 13:45:07 -0500


Started GET "/assets/jquery_ujs.js?body=1" for 127.0.0.1 at 2014-10-30 13:45:07 -0500


Started GET "/assets/jquery.js?body=1" for 127.0.0.1 at 2014-10-30 13:45:07 -0500


Started GET "/assets/application.js?body=1" for 127.0.0.1 at 2014-10-30 13:45:07 -0500


Started GET "/" for 127.0.0.1 at 2014-10-30 13:54:16 -0500
Processing by PostersController#index as HTML
  [1m[36mPoster Load (0.4ms)[0m  [1mSELECT "posters".* FROM "posters"[0m
  [1m[35mUser Load (0.2ms)[0m  SELECT "users".* FROM "users" INNER JOIN "user_posters" ON "users"."id" = "user_posters"."user_id" WHERE "user_posters"."poster_id" = $1  [["poster_id", 1]]
  [1m[36mUser Load (0.2ms)[0m  [1mSELECT "users".* FROM "users" INNER JOIN "user_posters" ON "users"."id" = "user_posters"."user_id" WHERE "user_posters"."poster_id" = $1[0m  [["poster_id", 2]]
  [1m[35mUser Load (0.2ms)[0m  SELECT "users".* FROM "users" INNER JOIN "user_posters" ON "users"."id" = "user_posters"."user_id" WHERE "user_posters"."poster_id" = $1  [["poster_id", 3]]
  [1m[36mUser Load (0.2ms)[0m  [1mSELECT "users".* FROM "users" INNER JOIN "user_posters" ON "users"."id" = "user_posters"."user_id" WHERE "user_posters"."poster_id" = $1[0m  [["poster_id", 4]]
  [1m[35mUser Load (0.3ms)[0m  SELECT "users".* FROM "users" INNER JOIN "user_posters" ON "users"."id" = "user_posters"."user_id" WHERE "user_posters"."poster_id" = $1  [["poster_id", 5]]
  [1m[36mUser Load (0.5ms)[0m  [1mSELECT "users".* FROM "users" INNER JOIN "user_posters" ON "users"."id" = "user_posters"."user_id" WHERE "user_posters"."poster_id" = $1[0m  [["poster_id", 6]]
  [1m[35mUser Load (0.3ms)[0m  SELECT "users".* FROM "users" INNER JOIN "user_posters" ON "users"."id" = "user_posters"."user_id" WHERE "user_posters"."poster_id" = $1  [["poster_id", 7]]
  [1m[36mUser Load (0.2ms)[0m  [1mSELECT "users".* FROM "users" INNER JOIN "user_posters" ON "users"."id" = "user_posters"."user_id" WHERE "user_posters"."poster_id" = $1[0m  [["poster_id", 8]]
  [1m[35mUser Load (0.2ms)[0m  SELECT "users".* FROM "users" INNER JOIN "user_posters" ON "users"."id" = "user_posters"."user_id" WHERE "user_posters"."poster_id" = $1  [["poster_id", 9]]
  [1m[36mUser Load (0.2ms)[0m  [1mSELECT "users".* FROM "users" INNER JOIN "user_posters" ON "users"."id" = "user_posters"."user_id" WHERE "user_posters"."poster_id" = $1[0m  [["poster_id", 10]]
  Rendered posters/_poster.html.erb (18.7ms)
  Rendered posters/index.html.erb within layouts/application (20.5ms)
  [1m[35mUser Load (0.3ms)[0m  SELECT  "users".* FROM "users"  WHERE "users"."id" IS NULL LIMIT 1
  Rendered layouts/_header.html.erb (1.3ms)
Completed 200 OK in 130ms (Views: 126.6ms | ActiveRecord: 3.2ms)


Started GET "/assets/multiple_poster.css?body=1" for 127.0.0.1 at 2014-10-30 13:54:16 -0500


Started GET "/assets/normalize.css?body=1" for 127.0.0.1 at 2014-10-30 13:54:16 -0500


Started GET "/assets/simplegrid.css?body=1" for 127.0.0.1 at 2014-10-30 13:54:16 -0500


Started GET "/assets/application.css?body=1" for 127.0.0.1 at 2014-10-30 13:54:16 -0500


Started GET "/assets/jquery_ujs.js?body=1" for 127.0.0.1 at 2014-10-30 13:54:16 -0500


Started GET "/assets/application.js?body=1" for 127.0.0.1 at 2014-10-30 13:54:16 -0500


Started GET "/assets/jquery.js?body=1" for 127.0.0.1 at 2014-10-30 13:54:16 -0500


Started GET "/" for 127.0.0.1 at 2014-10-30 13:54:27 -0500
Processing by PostersController#index as HTML
  [1m[36mPoster Load (0.3ms)[0m  [1mSELECT "posters".* FROM "posters"[0m
  [1m[35mUser Load (0.3ms)[0m  SELECT "users".* FROM "users" INNER JOIN "user_posters" ON "users"."id" = "user_posters"."user_id" WHERE "user_posters"."poster_id" = $1  [["poster_id", 1]]
  [1m[36mUser Load (0.2ms)[0m  [1mSELECT "users".* FROM "users" INNER JOIN "user_posters" ON "users"."id" = "user_posters"."user_id" WHERE "user_posters"."poster_id" = $1[0m  [["poster_id", 2]]
  [1m[35mUser Load (0.3ms)[0m  SELECT "users".* FROM "users" INNER JOIN "user_posters" ON "users"."id" = "user_posters"."user_id" WHERE "user_posters"."poster_id" = $1  [["poster_id", 3]]
  [1m[36mUser Load (0.3ms)[0m  [1mSELECT "users".* FROM "users" INNER JOIN "user_posters" ON "users"."id" = "user_posters"."user_id" WHERE "user_posters"."poster_id" = $1[0m  [["poster_id", 4]]
  [1m[35mUser Load (0.2ms)[0m  SELECT "users".* FROM "users" INNER JOIN "user_posters" ON "users"."id" = "user_posters"."user_id" WHERE "user_posters"."poster_id" = $1  [["poster_id", 5]]
  [1m[36mUser Load (0.3ms)[0m  [1mSELECT "users".* FROM "users" INNER JOIN "user_posters" ON "users"."id" = "user_posters"."user_id" WHERE "user_posters"."poster_id" = $1[0m  [["poster_id", 6]]
  [1m[35mUser Load (0.4ms)[0m  SELECT "users".* FROM "users" INNER JOIN "user_posters" ON "users"."id" = "user_posters"."user_id" WHERE "user_posters"."poster_id" = $1  [["poster_id", 7]]
  [1m[36mUser Load (0.5ms)[0m  [1mSELECT "users".* FROM "users" INNER JOIN "user_posters" ON "users"."id" = "user_posters"."user_id" WHERE "user_posters"."poster_id" = $1[0m  [["poster_id", 8]]
  [1m[35mUser Load (1.0ms)[0m  SELECT "users".* FROM "users" INNER JOIN "user_posters" ON "users"."id" = "user_posters"."user_id" WHERE "user_posters"."poster_id" = $1  [["poster_id", 9]]
  [1m[36mUser Load (0.3ms)[0m  [1mSELECT "users".* FROM "users" INNER JOIN "user_posters" ON "users"."id" = "user_posters"."user_id" WHERE "user_posters"."poster_id" = $1[0m  [["poster_id", 10]]
  Rendered posters/_poster.html.erb (25.7ms)
  Rendered posters/index.html.erb within layouts/application (27.5ms)
  [1m[35mUser Load (0.3ms)[0m  SELECT  "users".* FROM "users"  WHERE "users"."id" IS NULL LIMIT 1
  Rendered layouts/_header.html.erb (1.1ms)
Completed 200 OK in 58ms (Views: 53.3ms | ActiveRecord: 4.5ms)


Started GET "/assets/multiple_poster.css?body=1" for 127.0.0.1 at 2014-10-30 13:54:27 -0500


Started GET "/assets/normalize.css?body=1" for 127.0.0.1 at 2014-10-30 13:54:27 -0500


Started GET "/assets/simplegrid.css?body=1" for 127.0.0.1 at 2014-10-30 13:54:27 -0500


Started GET "/assets/jquery.js?body=1" for 127.0.0.1 at 2014-10-30 13:54:27 -0500


Started GET "/assets/jquery_ujs.js?body=1" for 127.0.0.1 at 2014-10-30 13:54:27 -0500


Started GET "/assets/application.css?body=1" for 127.0.0.1 at 2014-10-30 13:54:27 -0500


Started GET "/assets/application.js?body=1" for 127.0.0.1 at 2014-10-30 13:54:27 -0500


Started GET "/" for 127.0.0.1 at 2014-10-30 14:07:26 -0500
Processing by PostersController#index as HTML
  [1m[36mPoster Load (0.3ms)[0m  [1mSELECT "posters".* FROM "posters"[0m
  [1m[35mUser Load (0.3ms)[0m  SELECT "users".* FROM "users" INNER JOIN "user_posters" ON "users"."id" = "user_posters"."user_id" WHERE "user_posters"."poster_id" = $1  [["poster_id", 1]]
  [1m[36mUser Load (0.3ms)[0m  [1mSELECT "users".* FROM "users" INNER JOIN "user_posters" ON "users"."id" = "user_posters"."user_id" WHERE "user_posters"."poster_id" = $1[0m  [["poster_id", 2]]
  [1m[35mUser Load (0.2ms)[0m  SELECT "users".* FROM "users" INNER JOIN "user_posters" ON "users"."id" = "user_posters"."user_id" WHERE "user_posters"."poster_id" = $1  [["poster_id", 3]]
  [1m[36mUser Load (0.3ms)[0m  [1mSELECT "users".* FROM "users" INNER JOIN "user_posters" ON "users"."id" = "user_posters"."user_id" WHERE "user_posters"."poster_id" = $1[0m  [["poster_id", 4]]
  [1m[35mUser Load (0.3ms)[0m  SELECT "users".* FROM "users" INNER JOIN "user_posters" ON "users"."id" = "user_posters"."user_id" WHERE "user_posters"."poster_id" = $1  [["poster_id", 5]]
  [1m[36mUser Load (0.3ms)[0m  [1mSELECT "users".* FROM "users" INNER JOIN "user_posters" ON "users"."id" = "user_posters"."user_id" WHERE "user_posters"."poster_id" = $1[0m  [["poster_id", 6]]
  [1m[35mUser Load (0.2ms)[0m  SELECT "users".* FROM "users" INNER JOIN "user_posters" ON "users"."id" = "user_posters"."user_id" WHERE "user_posters"."poster_id" = $1  [["poster_id", 7]]
  [1m[36mUser Load (0.2ms)[0m  [1mSELECT "users".* FROM "users" INNER JOIN "user_posters" ON "users"."id" = "user_posters"."user_id" WHERE "user_posters"."poster_id" = $1[0m  [["poster_id", 8]]
  [1m[35mUser Load (0.3ms)[0m  SELECT "users".* FROM "users" INNER JOIN "user_posters" ON "users"."id" = "user_posters"."user_id" WHERE "user_posters"."poster_id" = $1  [["poster_id", 9]]
  [1m[36mUser Load (0.2ms)[0m  [1mSELECT "users".* FROM "users" INNER JOIN "user_posters" ON "users"."id" = "user_posters"."user_id" WHERE "user_posters"."poster_id" = $1[0m  [["poster_id", 10]]
  Rendered posters/_poster.html.erb (20.7ms)
  Rendered posters/index.html.erb within layouts/application (22.9ms)
  [1m[35mUser Load (0.3ms)[0m  SELECT  "users".* FROM "users"  WHERE "users"."id" IS NULL LIMIT 1
  Rendered layouts/_header.html.erb (1.4ms)
Completed 200 OK in 148ms (Views: 144.7ms | ActiveRecord: 3.3ms)


Started GET "/assets/multiple_poster.css?body=1" for 127.0.0.1 at 2014-10-30 14:07:26 -0500


Started GET "/assets/normalize.css?body=1" for 127.0.0.1 at 2014-10-30 14:07:26 -0500


Started GET "/assets/application.js?body=1" for 127.0.0.1 at 2014-10-30 14:07:26 -0500


Started GET "/assets/simplegrid.css?body=1" for 127.0.0.1 at 2014-10-30 14:07:26 -0500


Started GET "/assets/application.css?body=1" for 127.0.0.1 at 2014-10-30 14:07:26 -0500


Started GET "/assets/jquery_ujs.js?body=1" for 127.0.0.1 at 2014-10-30 14:07:26 -0500


Started GET "/assets/jquery.js?body=1" for 127.0.0.1 at 2014-10-30 14:07:26 -0500


Started GET "/" for 127.0.0.1 at 2014-10-30 14:09:35 -0500
Processing by PostersController#index as HTML
  [1m[36mPoster Load (0.3ms)[0m  [1mSELECT "posters".* FROM "posters"[0m
  [1m[35mUser Load (0.3ms)[0m  SELECT "users".* FROM "users" INNER JOIN "user_posters" ON "users"."id" = "user_posters"."user_id" WHERE "user_posters"."poster_id" = $1  [["poster_id", 1]]
  [1m[36mUser Load (0.2ms)[0m  [1mSELECT "users".* FROM "users" INNER JOIN "user_posters" ON "users"."id" = "user_posters"."user_id" WHERE "user_posters"."poster_id" = $1[0m  [["poster_id", 2]]
  [1m[35mUser Load (0.3ms)[0m  SELECT "users".* FROM "users" INNER JOIN "user_posters" ON "users"."id" = "user_posters"."user_id" WHERE "user_posters"."poster_id" = $1  [["poster_id", 3]]
  [1m[36mUser Load (0.3ms)[0m  [1mSELECT "users".* FROM "users" INNER JOIN "user_posters" ON "users"."id" = "user_posters"."user_id" WHERE "user_posters"."poster_id" = $1[0m  [["poster_id", 4]]
  [1m[35mUser Load (0.2ms)[0m  SELECT "users".* FROM "users" INNER JOIN "user_posters" ON "users"."id" = "user_posters"."user_id" WHERE "user_posters"."poster_id" = $1  [["poster_id", 5]]
  [1m[36mUser Load (0.3ms)[0m  [1mSELECT "users".* FROM "users" INNER JOIN "user_posters" ON "users"."id" = "user_posters"."user_id" WHERE "user_posters"."poster_id" = $1[0m  [["poster_id", 6]]
  [1m[35mUser Load (0.2ms)[0m  SELECT "users".* FROM "users" INNER JOIN "user_posters" ON "users"."id" = "user_posters"."user_id" WHERE "user_posters"."poster_id" = $1  [["poster_id", 7]]
  [1m[36mUser Load (0.2ms)[0m  [1mSELECT "users".* FROM "users" INNER JOIN "user_posters" ON "users"."id" = "user_posters"."user_id" WHERE "user_posters"."poster_id" = $1[0m  [["poster_id", 8]]
  [1m[35mUser Load (0.2ms)[0m  SELECT "users".* FROM "users" INNER JOIN "user_posters" ON "users"."id" = "user_posters"."user_id" WHERE "user_posters"."poster_id" = $1  [["poster_id", 9]]
  [1m[36mUser Load (0.2ms)[0m  [1mSELECT "users".* FROM "users" INNER JOIN "user_posters" ON "users"."id" = "user_posters"."user_id" WHERE "user_posters"."poster_id" = $1[0m  [["poster_id", 10]]
  Rendered posters/_poster.html.erb (20.2ms)
  Rendered posters/index.html.erb within layouts/application (22.0ms)
  [1m[35mUser Load (0.3ms)[0m  SELECT  "users".* FROM "users"  WHERE "users"."id" IS NULL LIMIT 1
  Rendered layouts/_header.html.erb (1.1ms)
Completed 200 OK in 80ms (Views: 76.3ms | ActiveRecord: 3.1ms)


Started GET "/assets/application.css?body=1" for 127.0.0.1 at 2014-10-30 14:09:35 -0500


Started GET "/assets/jquery.js?body=1" for 127.0.0.1 at 2014-10-30 14:09:35 -0500


Started GET "/assets/normalize.css?body=1" for 127.0.0.1 at 2014-10-30 14:09:35 -0500


Started GET "/assets/simplegrid.css?body=1" for 127.0.0.1 at 2014-10-30 14:09:35 -0500


Started GET "/assets/jquery_ujs.js?body=1" for 127.0.0.1 at 2014-10-30 14:09:35 -0500


Started GET "/assets/multiple_poster.css?body=1" for 127.0.0.1 at 2014-10-30 14:09:35 -0500


Started GET "/assets/application.js?body=1" for 127.0.0.1 at 2014-10-30 14:09:35 -0500


Started GET "/" for 127.0.0.1 at 2014-10-30 14:34:03 -0500
Processing by PostersController#index as HTML
  [1m[36mPoster Load (0.5ms)[0m  [1mSELECT "posters".* FROM "posters"[0m
  [1m[35mUser Load (0.3ms)[0m  SELECT "users".* FROM "users" INNER JOIN "user_posters" ON "users"."id" = "user_posters"."user_id" WHERE "user_posters"."poster_id" = $1  [["poster_id", 1]]
  [1m[36mTag Load (0.5ms)[0m  [1mSELECT "tags".* FROM "tags" INNER JOIN "poster_tags" ON "tags"."id" = "poster_tags"."tag_id" WHERE "poster_tags"."poster_id" = $1[0m  [["poster_id", 1]]
  [1m[35mUser Load (0.3ms)[0m  SELECT "users".* FROM "users" INNER JOIN "user_posters" ON "users"."id" = "user_posters"."user_id" WHERE "user_posters"."poster_id" = $1  [["poster_id", 2]]
  [1m[36mTag Load (0.3ms)[0m  [1mSELECT "tags".* FROM "tags" INNER JOIN "poster_tags" ON "tags"."id" = "poster_tags"."tag_id" WHERE "poster_tags"."poster_id" = $1[0m  [["poster_id", 2]]
  [1m[35mUser Load (0.3ms)[0m  SELECT "users".* FROM "users" INNER JOIN "user_posters" ON "users"."id" = "user_posters"."user_id" WHERE "user_posters"."poster_id" = $1  [["poster_id", 3]]
  [1m[36mTag Load (0.3ms)[0m  [1mSELECT "tags".* FROM "tags" INNER JOIN "poster_tags" ON "tags"."id" = "poster_tags"."tag_id" WHERE "poster_tags"."poster_id" = $1[0m  [["poster_id", 3]]
  [1m[35mUser Load (0.2ms)[0m  SELECT "users".* FROM "users" INNER JOIN "user_posters" ON "users"."id" = "user_posters"."user_id" WHERE "user_posters"."poster_id" = $1  [["poster_id", 4]]
  [1m[36mTag Load (0.3ms)[0m  [1mSELECT "tags".* FROM "tags" INNER JOIN "poster_tags" ON "tags"."id" = "poster_tags"."tag_id" WHERE "poster_tags"."poster_id" = $1[0m  [["poster_id", 4]]
  [1m[35mUser Load (0.3ms)[0m  SELECT "users".* FROM "users" INNER JOIN "user_posters" ON "users"."id" = "user_posters"."user_id" WHERE "user_posters"."poster_id" = $1  [["poster_id", 5]]
  [1m[36mTag Load (0.3ms)[0m  [1mSELECT "tags".* FROM "tags" INNER JOIN "poster_tags" ON "tags"."id" = "poster_tags"."tag_id" WHERE "poster_tags"."poster_id" = $1[0m  [["poster_id", 5]]
  [1m[35mUser Load (0.3ms)[0m  SELECT "users".* FROM "users" INNER JOIN "user_posters" ON "users"."id" = "user_posters"."user_id" WHERE "user_posters"."poster_id" = $1  [["poster_id", 6]]
  [1m[36mTag Load (0.3ms)[0m  [1mSELECT "tags".* FROM "tags" INNER JOIN "poster_tags" ON "tags"."id" = "poster_tags"."tag_id" WHERE "poster_tags"."poster_id" = $1[0m  [["poster_id", 6]]
  [1m[35mUser Load (0.3ms)[0m  SELECT "users".* FROM "users" INNER JOIN "user_posters" ON "users"."id" = "user_posters"."user_id" WHERE "user_posters"."poster_id" = $1  [["poster_id", 7]]
  [1m[36mTag Load (0.2ms)[0m  [1mSELECT "tags".* FROM "tags" INNER JOIN "poster_tags" ON "tags"."id" = "poster_tags"."tag_id" WHERE "poster_tags"."poster_id" = $1[0m  [["poster_id", 7]]
  [1m[35mUser Load (0.2ms)[0m  SELECT "users".* FROM "users" INNER JOIN "user_posters" ON "users"."id" = "user_posters"."user_id" WHERE "user_posters"."poster_id" = $1  [["poster_id", 8]]
  [1m[36mTag Load (0.2ms)[0m  [1mSELECT "tags".* FROM "tags" INNER JOIN "poster_tags" ON "tags"."id" = "poster_tags"."tag_id" WHERE "poster_tags"."poster_id" = $1[0m  [["poster_id", 8]]
  [1m[35mUser Load (0.2ms)[0m  SELECT "users".* FROM "users" INNER JOIN "user_posters" ON "users"."id" = "user_posters"."user_id" WHERE "user_posters"."poster_id" = $1  [["poster_id", 9]]
  [1m[36mTag Load (0.2ms)[0m  [1mSELECT "tags".* FROM "tags" INNER JOIN "poster_tags" ON "tags"."id" = "poster_tags"."tag_id" WHERE "poster_tags"."poster_id" = $1[0m  [["poster_id", 9]]
  [1m[35mUser Load (0.2ms)[0m  SELECT "users".* FROM "users" INNER JOIN "user_posters" ON "users"."id" = "user_posters"."user_id" WHERE "user_posters"."poster_id" = $1  [["poster_id", 10]]
  [1m[36mTag Load (0.2ms)[0m  [1mSELECT "tags".* FROM "tags" INNER JOIN "poster_tags" ON "tags"."id" = "poster_tags"."tag_id" WHERE "poster_tags"."poster_id" = $1[0m  [["poster_id", 10]]
  Rendered posters/_poster.html.erb (51.0ms)
  Rendered posters/index.html.erb within layouts/application (53.3ms)
  [1m[35mUser Load (0.4ms)[0m  SELECT  "users".* FROM "users"  WHERE "users"."id" IS NULL LIMIT 1
  Rendered layouts/_header.html.erb (1.5ms)
Completed 200 OK in 163ms (Views: 154.5ms | ActiveRecord: 8.3ms)


Started GET "/assets/multiple_poster.css?body=1" for 127.0.0.1 at 2014-10-30 14:34:04 -0500


Started GET "/assets/normalize.css?body=1" for 127.0.0.1 at 2014-10-30 14:34:04 -0500


Started GET "/assets/application.css?body=1" for 127.0.0.1 at 2014-10-30 14:34:04 -0500


Started GET "/assets/jquery_ujs.js?body=1" for 127.0.0.1 at 2014-10-30 14:34:04 -0500


Started GET "/assets/simplegrid.css?body=1" for 127.0.0.1 at 2014-10-30 14:34:04 -0500


Started GET "/assets/jquery.js?body=1" for 127.0.0.1 at 2014-10-30 14:34:04 -0500


Started GET "/assets/application.js?body=1" for 127.0.0.1 at 2014-10-30 14:34:04 -0500


Started GET "/" for 127.0.0.1 at 2014-10-30 14:36:25 -0500
Processing by PostersController#index as HTML
  [1m[36mPoster Load (0.4ms)[0m  [1mSELECT "posters".* FROM "posters"[0m
  [1m[35mUser Load (0.4ms)[0m  SELECT "users".* FROM "users" INNER JOIN "user_posters" ON "users"."id" = "user_posters"."user_id" WHERE "user_posters"."poster_id" = $1  [["poster_id", 1]]
  [1m[36mTag Load (0.2ms)[0m  [1mSELECT "tags".* FROM "tags" INNER JOIN "poster_tags" ON "tags"."id" = "poster_tags"."tag_id" WHERE "poster_tags"."poster_id" = $1[0m  [["poster_id", 1]]
  [1m[35mUser Load (0.2ms)[0m  SELECT "users".* FROM "users" INNER JOIN "user_posters" ON "users"."id" = "user_posters"."user_id" WHERE "user_posters"."poster_id" = $1  [["poster_id", 2]]
  [1m[36mTag Load (0.2ms)[0m  [1mSELECT "tags".* FROM "tags" INNER JOIN "poster_tags" ON "tags"."id" = "poster_tags"."tag_id" WHERE "poster_tags"."poster_id" = $1[0m  [["poster_id", 2]]
  [1m[35mUser Load (0.2ms)[0m  SELECT "users".* FROM "users" INNER JOIN "user_posters" ON "users"."id" = "user_posters"."user_id" WHERE "user_posters"."poster_id" = $1  [["poster_id", 3]]
  [1m[36mTag Load (0.2ms)[0m  [1mSELECT "tags".* FROM "tags" INNER JOIN "poster_tags" ON "tags"."id" = "poster_tags"."tag_id" WHERE "poster_tags"."poster_id" = $1[0m  [["poster_id", 3]]
  [1m[35mUser Load (0.2ms)[0m  SELECT "users".* FROM "users" INNER JOIN "user_posters" ON "users"."id" = "user_posters"."user_id" WHERE "user_posters"."poster_id" = $1  [["poster_id", 4]]
  [1m[36mTag Load (0.2ms)[0m  [1mSELECT "tags".* FROM "tags" INNER JOIN "poster_tags" ON "tags"."id" = "poster_tags"."tag_id" WHERE "poster_tags"."poster_id" = $1[0m  [["poster_id", 4]]
  [1m[35mUser Load (0.2ms)[0m  SELECT "users".* FROM "users" INNER JOIN "user_posters" ON "users"."id" = "user_posters"."user_id" WHERE "user_posters"."poster_id" = $1  [["poster_id", 5]]
  [1m[36mTag Load (0.4ms)[0m  [1mSELECT "tags".* FROM "tags" INNER JOIN "poster_tags" ON "tags"."id" = "poster_tags"."tag_id" WHERE "poster_tags"."poster_id" = $1[0m  [["poster_id", 5]]
  [1m[35mUser Load (0.3ms)[0m  SELECT "users".* FROM "users" INNER JOIN "user_posters" ON "users"."id" = "user_posters"."user_id" WHERE "user_posters"."poster_id" = $1  [["poster_id", 6]]
  [1m[36mTag Load (0.2ms)[0m  [1mSELECT "tags".* FROM "tags" INNER JOIN "poster_tags" ON "tags"."id" = "poster_tags"."tag_id" WHERE "poster_tags"."poster_id" = $1[0m  [["poster_id", 6]]
  [1m[35mUser Load (0.2ms)[0m  SELECT "users".* FROM "users" INNER JOIN "user_posters" ON "users"."id" = "user_posters"."user_id" WHERE "user_posters"."poster_id" = $1  [["poster_id", 7]]
  [1m[36mTag Load (0.2ms)[0m  [1mSELECT "tags".* FROM "tags" INNER JOIN "poster_tags" ON "tags"."id" = "poster_tags"."tag_id" WHERE "poster_tags"."poster_id" = $1[0m  [["poster_id", 7]]
  [1m[35mUser Load (0.5ms)[0m  SELECT "users".* FROM "users" INNER JOIN "user_posters" ON "users"."id" = "user_posters"."user_id" WHERE "user_posters"."poster_id" = $1  [["poster_id", 8]]
  [1m[36mTag Load (0.2ms)[0m  [1mSELECT "tags".* FROM "tags" INNER JOIN "poster_tags" ON "tags"."id" = "poster_tags"."tag_id" WHERE "poster_tags"."poster_id" = $1[0m  [["poster_id", 8]]
  [1m[35mUser Load (0.2ms)[0m  SELECT "users".* FROM "users" INNER JOIN "user_posters" ON "users"."id" = "user_posters"."user_id" WHERE "user_posters"."poster_id" = $1  [["poster_id", 9]]
  [1m[36mTag Load (0.2ms)[0m  [1mSELECT "tags".* FROM "tags" INNER JOIN "poster_tags" ON "tags"."id" = "poster_tags"."tag_id" WHERE "poster_tags"."poster_id" = $1[0m  [["poster_id", 9]]
  [1m[35mUser Load (0.2ms)[0m  SELECT "users".* FROM "users" INNER JOIN "user_posters" ON "users"."id" = "user_posters"."user_id" WHERE "user_posters"."poster_id" = $1  [["poster_id", 10]]
  [1m[36mTag Load (0.2ms)[0m  [1mSELECT "tags".* FROM "tags" INNER JOIN "poster_tags" ON "tags"."id" = "poster_tags"."tag_id" WHERE "poster_tags"."poster_id" = $1[0m  [["poster_id", 10]]
  Rendered posters/_poster.html.erb (36.9ms)
  Rendered posters/index.html.erb within layouts/application (38.9ms)
  [1m[35mUser Load (0.5ms)[0m  SELECT  "users".* FROM "users"  WHERE "users"."id" IS NULL LIMIT 1
  Rendered layouts/_header.html.erb (1.5ms)
Completed 200 OK in 70ms (Views: 63.4ms | ActiveRecord: 5.8ms)


Started GET "/assets/multiple_poster.css?body=1" for 127.0.0.1 at 2014-10-30 14:36:25 -0500


Started GET "/assets/simplegrid.css?body=1" for 127.0.0.1 at 2014-10-30 14:36:25 -0500


Started GET "/assets/normalize.css?body=1" for 127.0.0.1 at 2014-10-30 14:36:25 -0500


Started GET "/assets/jquery.js?body=1" for 127.0.0.1 at 2014-10-30 14:36:25 -0500


Started GET "/assets/application.js?body=1" for 127.0.0.1 at 2014-10-30 14:36:25 -0500


Started GET "/assets/application.css?body=1" for 127.0.0.1 at 2014-10-30 14:36:25 -0500


Started GET "/assets/jquery_ujs.js?body=1" for 127.0.0.1 at 2014-10-30 14:36:25 -0500
